Flow report for processor_8085_single
Thu May 20 15:02:55 2021
Quartus Prime Version 18.1.0 Build 625 09/12/2018 SJ Lite Edition


---------------------
; Table of Contents ;
---------------------
  1. Legal Notice
  2. Flow Summary
  3. Flow Settings
  4. Flow Non-Default Global Settings
  5. Flow Elapsed Time
  6. Flow OS Summary
  7. Flow Log
  8. Flow Messages
  9. Flow Suppressed Messages



----------------
; Legal Notice ;
----------------
Copyright (C) 2018  Intel Corporation. All rights reserved.
Your use of Intel Corporation's design tools, logic functions 
and other software and tools, and its AMPP partner logic 
functions, and any output files from any of the foregoing 
(including device programming or simulation files), and any 
associated documentation or information are expressly subject 
to the terms and conditions of the Intel Program License 
Subscription Agreement, the Intel Quartus Prime License Agreement,
the Intel FPGA IP License Agreement, or other applicable license
agreement, including, without limitation, that your use is for
the sole purpose of programming logic devices manufactured by
Intel and sold by Intel or its authorized distributors.  Please
refer to the applicable agreement for further details.



+----------------------------------------------------------------------------------+
; Flow Summary                                                                     ;
+------------------------------------+---------------------------------------------+
; Flow Status                        ; Successful - Thu May 20 15:02:55 2021       ;
; Quartus Prime Version              ; 18.1.0 Build 625 09/12/2018 SJ Lite Edition ;
; Revision Name                      ; processor_8085_single                       ;
; Top-level Entity Name              ; processor_8085_single                       ;
; Family                             ; Cyclone IV E                                ;
; Device                             ; EP4CE22F17C6                                ;
; Timing Models                      ; Final                                       ;
; Total logic elements               ; 3,472 / 22,320 ( 16 % )                     ;
;     Total combinational functions  ; 3,042 / 22,320 ( 14 % )                     ;
;     Dedicated logic registers      ; 2,130 / 22,320 ( 10 % )                     ;
; Total registers                    ; 2130                                        ;
; Total pins                         ; 11 / 154 ( 7 % )                            ;
; Total virtual pins                 ; 0                                           ;
; Total memory bits                  ; 0 / 608,256 ( 0 % )                         ;
; Embedded Multiplier 9-bit elements ; 0 / 132 ( 0 % )                             ;
; Total PLLs                         ; 1 / 4 ( 25 % )                              ;
+------------------------------------+---------------------------------------------+


+-------------------------------------------+
; Flow Settings                             ;
+-------------------+-----------------------+
; Option            ; Setting               ;
+-------------------+-----------------------+
; Start date & time ; 05/20/2021 15:01:53   ;
; Main task         ; Compilation           ;
; Revision Name     ; processor_8085_single ;
+-------------------+-----------------------+


+---------------------------------------------------------------------------------------------------------------------------------------------+
; Flow Non-Default Global Settings                                                                                                            ;
+--------------------------------------+----------------------------------------+---------------+-------------+-------------------------------+
; Assignment Name                      ; Value                                  ; Default Value ; Entity Name ; Section Id                    ;
+--------------------------------------+----------------------------------------+---------------+-------------+-------------------------------+
; COMPILER_SIGNATURE_ID                ; 88230071686717.162150311311006         ; --            ; --          ; --                            ;
; EDA_DESIGN_INSTANCE_NAME             ; p1                                     ; --            ; --          ; processor_8085_single_tb5     ;
; EDA_DESIGN_INSTANCE_NAME             ; p1                                     ; --            ; --          ; processor_8085_single_tb6     ;
; EDA_DESIGN_INSTANCE_NAME             ; p1                                     ; --            ; --          ; processor_8085_single_tb3     ;
; EDA_DESIGN_INSTANCE_NAME             ; p1                                     ; --            ; --          ; processor_8085_single_tb4     ;
; EDA_DESIGN_INSTANCE_NAME             ; p1                                     ; --            ; --          ; generic_testbench_single_8085 ;
; EDA_DESIGN_INSTANCE_NAME             ; p1                                     ; --            ; --          ; processor_8085_single_tb1     ;
; EDA_DESIGN_INSTANCE_NAME             ; p1                                     ; --            ; --          ; processor_8085_single_tb2     ;
; EDA_NATIVELINK_SIMULATION_TEST_BENCH ; generic_testbench_single_8085          ; --            ; --          ; eda_simulation                ;
; EDA_OUTPUT_DATA_FORMAT               ; Verilog Hdl                            ; --            ; --          ; eda_simulation                ;
; EDA_SIMULATION_TOOL                  ; ModelSim-Altera (Verilog)              ; <None>        ; --          ; --                            ;
; EDA_TEST_BENCH_ENABLE_STATUS         ; TEST_BENCH_MODE                        ; --            ; --          ; eda_simulation                ;
; EDA_TEST_BENCH_FILE                  ; processor_8085_single_tb5.v            ; --            ; --          ; processor_8085_single_tb5     ;
; EDA_TEST_BENCH_FILE                  ; processor_8085_single_tb6.v            ; --            ; --          ; processor_8085_single_tb6     ;
; EDA_TEST_BENCH_FILE                  ; processor_8085_single_tb3.v            ; --            ; --          ; processor_8085_single_tb3     ;
; EDA_TEST_BENCH_FILE                  ; processor_8085_single_tb4.v            ; --            ; --          ; processor_8085_single_tb4     ;
; EDA_TEST_BENCH_FILE                  ; generic_testbench_single_8085.v        ; --            ; --          ; generic_testbench_single_8085 ;
; EDA_TEST_BENCH_FILE                  ; processor_8085_single_tb1.v            ; --            ; --          ; processor_8085_single_tb1     ;
; EDA_TEST_BENCH_FILE                  ; processor_8085_single_tb2.v            ; --            ; --          ; processor_8085_single_tb2     ;
; EDA_TEST_BENCH_MODULE_NAME           ; processor_8085_single_tb5              ; --            ; --          ; processor_8085_single_tb5     ;
; EDA_TEST_BENCH_MODULE_NAME           ; processor_8085_single_tb6              ; --            ; --          ; processor_8085_single_tb6     ;
; EDA_TEST_BENCH_MODULE_NAME           ; processor_8085_single_tb3              ; --            ; --          ; processor_8085_single_tb3     ;
; EDA_TEST_BENCH_MODULE_NAME           ; processor_8085_single_tb4              ; --            ; --          ; processor_8085_single_tb4     ;
; EDA_TEST_BENCH_MODULE_NAME           ; generic_testbench_single_8085          ; --            ; --          ; generic_testbench_single_8085 ;
; EDA_TEST_BENCH_MODULE_NAME           ; processor_8085_single_tb1              ; --            ; --          ; processor_8085_single_tb1     ;
; EDA_TEST_BENCH_MODULE_NAME           ; processor_8085_single_tb2              ; --            ; --          ; processor_8085_single_tb2     ;
; EDA_TEST_BENCH_NAME                  ; processor_8085_single_tb1              ; --            ; --          ; eda_simulation                ;
; EDA_TEST_BENCH_NAME                  ; processor_8085_single_tb2              ; --            ; --          ; eda_simulation                ;
; EDA_TEST_BENCH_NAME                  ; processor_8085_single_tb3              ; --            ; --          ; eda_simulation                ;
; EDA_TEST_BENCH_NAME                  ; processor_8085_single_tb4              ; --            ; --          ; eda_simulation                ;
; EDA_TEST_BENCH_NAME                  ; processor_8085_single_tb5              ; --            ; --          ; eda_simulation                ;
; EDA_TEST_BENCH_NAME                  ; processor_8085_single_tb6              ; --            ; --          ; eda_simulation                ;
; EDA_TEST_BENCH_NAME                  ; generic_testbench_single_8085          ; --            ; --          ; eda_simulation                ;
; EDA_TIME_SCALE                       ; 1 ps                                   ; --            ; --          ; eda_simulation                ;
; MAX_CORE_JUNCTION_TEMP               ; 85                                     ; --            ; --          ; --                            ;
; MIN_CORE_JUNCTION_TEMP               ; 0                                      ; --            ; --          ; --                            ;
; MISC_FILE                            ; pll_8085.bsf                           ; --            ; --          ; --                            ;
; MISC_FILE                            ; pll_8085_inst.vhd                      ; --            ; --          ; --                            ;
; MISC_FILE                            ; pll_8085.inc                           ; --            ; --          ; --                            ;
; MISC_FILE                            ; pll_8085.cmp                           ; --            ; --          ; --                            ;
; MISC_FILE                            ; pll_8085.ppf                           ; --            ; --          ; --                            ;
; MISC_FILE                            ; pll_8085_syn.v                         ; --            ; --          ; --                            ;
; NOMINAL_CORE_SUPPLY_VOLTAGE          ; 1.2V                                   ; --            ; --          ; --                            ;
; PARTITION_COLOR                      ; -- (Not supported for targeted family) ; --            ; --          ; Top                           ;
; PARTITION_FITTER_PRESERVATION_LEVEL  ; -- (Not supported for targeted family) ; --            ; --          ; Top                           ;
; PARTITION_NETLIST_TYPE               ; -- (Not supported for targeted family) ; --            ; --          ; Top                           ;
; POWER_BOARD_THERMAL_MODEL            ; None (CONSERVATIVE)                    ; --            ; --          ; --                            ;
; POWER_PRESET_COOLING_SOLUTION        ; 23 MM HEAT SINK WITH 200 LFPM AIRFLOW  ; --            ; --          ; --                            ;
; PROJECT_OUTPUT_DIRECTORY             ; output_files                           ; --            ; --          ; --                            ;
+--------------------------------------+----------------------------------------+---------------+-------------+-------------------------------+


+--------------------------------------------------------------------------------------------------------------------------+
; Flow Elapsed Time                                                                                                        ;
+----------------------+--------------+-------------------------+---------------------+------------------------------------+
; Module Name          ; Elapsed Time ; Average Processors Used ; Peak Virtual Memory ; Total CPU Time (on all processors) ;
+----------------------+--------------+-------------------------+---------------------+------------------------------------+
; Analysis & Synthesis ; 00:00:28     ; 1.0                     ; 1048 MB             ; 00:00:47                           ;
; Fitter               ; 00:00:18     ; 1.2                     ; 1707 MB             ; 00:00:26                           ;
; Assembler            ; 00:00:02     ; 1.0                     ; 825 MB              ; 00:00:02                           ;
; Timing Analyzer      ; 00:00:04     ; 1.4                     ; 918 MB              ; 00:00:04                           ;
; EDA Netlist Writer   ; 00:00:04     ; 1.0                     ; 1079 MB             ; 00:00:04                           ;
; Total                ; 00:00:56     ; --                      ; --                  ; 00:01:23                           ;
+----------------------+--------------+-------------------------+---------------------+------------------------------------+


+------------------------------------------------------------------------------------------------+
; Flow OS Summary                                                                                ;
+----------------------+--------------------------+----------------+------------+----------------+
; Module Name          ; Machine Hostname         ; OS Name        ; OS Version ; Processor type ;
+----------------------+--------------------------+----------------+------------+----------------+
; Analysis & Synthesis ; alex-System-Product-Name ; Ubuntu 16.04.7 ; 16         ; x86_64         ;
; Fitter               ; alex-System-Product-Name ; Ubuntu 16.04.7 ; 16         ; x86_64         ;
; Assembler            ; alex-System-Product-Name ; Ubuntu 16.04.7 ; 16         ; x86_64         ;
; Timing Analyzer      ; alex-System-Product-Name ; Ubuntu 16.04.7 ; 16         ; x86_64         ;
; EDA Netlist Writer   ; alex-System-Product-Name ; Ubuntu 16.04.7 ; 16         ; x86_64         ;
+----------------------+--------------------------+----------------+------------+----------------+


------------
; Flow Log ;
------------
quartus_map --read_settings_files=on --write_settings_files=off processor_8085_single -c processor_8085_single
quartus_fit --read_settings_files=off --write_settings_files=off processor_8085_single -c processor_8085_single
quartus_asm --read_settings_files=off --write_settings_files=off processor_8085_single -c processor_8085_single
quartus_sta processor_8085_single -c processor_8085_single
quartus_eda --read_settings_files=off --write_settings_files=off processor_8085_single -c processor_8085_single



